{"C:\\Users\\mai_s\\OneDrive\\Documents\\Fall 2018_CIS_Master\\CIS 611 -IntroSoftwareEngineering\\Project\\CalendarDate\\calendarUnitTest.js":{"path":"C:\\Users\\mai_s\\OneDrive\\Documents\\Fall 2018_CIS_Master\\CIS 611 -IntroSoftwareEngineering\\Project\\CalendarDate\\calendarUnitTest.js","s":{"1":1,"2":0,"3":0,"4":0,"5":0,"6":0,"7":0,"8":0,"9":0,"10":0,"11":0,"12":0,"13":0,"14":0,"15":0,"16":0,"17":0,"18":0,"19":0,"20":0,"21":0,"22":0,"23":0,"24":0,"25":0,"26":0,"27":0,"28":0,"29":0,"30":0},"b":{},"f":{},"fnMap":{},"statementMap":{"1":{"start":{"line":4,"column":0},"end":{"line":13,"column":3}},"2":{"start":{"line":5,"column":4},"end":{"line":12,"column":6}},"3":{"start":{"line":7,"column":8},"end":{"line":7,"column":37}},"4":{"start":{"line":9,"column":8},"end":{"line":9,"column":50}},"5":{"start":{"line":11,"column":8},"end":{"line":11,"column":48}},"6":{"start":{"line":16,"column":0},"end":{"line":25,"column":3}},"7":{"start":{"line":17,"column":4},"end":{"line":24,"column":6}},"8":{"start":{"line":19,"column":8},"end":{"line":19,"column":37}},"9":{"start":{"line":21,"column":8},"end":{"line":21,"column":51}},"10":{"start":{"line":23,"column":8},"end":{"line":23,"column":46}},"11":{"start":{"line":28,"column":0},"end":{"line":37,"column":3}},"12":{"start":{"line":29,"column":4},"end":{"line":36,"column":6}},"13":{"start":{"line":31,"column":8},"end":{"line":31,"column":37}},"14":{"start":{"line":33,"column":8},"end":{"line":33,"column":51}},"15":{"start":{"line":35,"column":8},"end":{"line":35,"column":47}},"16":{"start":{"line":40,"column":0},"end":{"line":49,"column":3}},"17":{"start":{"line":41,"column":4},"end":{"line":48,"column":6}},"18":{"start":{"line":43,"column":8},"end":{"line":43,"column":37}},"19":{"start":{"line":45,"column":8},"end":{"line":45,"column":48}},"20":{"start":{"line":47,"column":8},"end":{"line":47,"column":49}},"21":{"start":{"line":52,"column":1},"end":{"line":61,"column":3}},"22":{"start":{"line":53,"column":4},"end":{"line":60,"column":6}},"23":{"start":{"line":55,"column":8},"end":{"line":55,"column":36}},"24":{"start":{"line":57,"column":8},"end":{"line":57,"column":48}},"25":{"start":{"line":59,"column":8},"end":{"line":59,"column":47}},"26":{"start":{"line":63,"column":0},"end":{"line":72,"column":3}},"27":{"start":{"line":64,"column":4},"end":{"line":71,"column":6}},"28":{"start":{"line":66,"column":8},"end":{"line":66,"column":36}},"29":{"start":{"line":68,"column":8},"end":{"line":68,"column":48}},"30":{"start":{"line":70,"column":8},"end":{"line":70,"column":47}}},"branchMap":{}}}